{"C:\\Users\\rohan\\Desktop\\cosc4353_groupproject\\COSC-4353-Group-Project\\backend\\controllers\\authController.js": {"path":"C:\\Users\\rohan\\Desktop\\cosc4353_groupproject\\COSC-4353-Group-Project\\backend\\controllers\\authController.js","statementMap":{"0":{"start":{"line":1,"column":14},"end":{"line":4,"column":1}},"1":{"start":{"line":6,"column":17},"end":{"line":6,"column":19}},"2":{"start":{"line":10,"column":2},"end":{"line":10,"column":18}},"3":{"start":{"line":14,"column":0},"end":{"line":24,"column":2}},"4":{"start":{"line":15,"column":30},"end":{"line":15,"column":38}},"5":{"start":{"line":17,"column":2},"end":{"line":23,"column":3}},"6":{"start":{"line":18,"column":4},"end":{"line":20,"column":71}},"7":{"start":{"line":22,"column":4},"end":{"line":22,"column":67}},"8":{"start":{"line":27,"column":0},"end":{"line":36,"column":2}},"9":{"start":{"line":28,"column":30},"end":{"line":28,"column":38}},"10":{"start":{"line":30,"column":2},"end":{"line":32,"column":3}},"11":{"start":{"line":31,"column":4},"end":{"line":31,"column":69}},"12":{"start":{"line":34,"column":2},"end":{"line":34,"column":68}},"13":{"start":{"line":35,"column":2},"end":{"line":35,"column":64}},"14":{"start":{"line":39,"column":0},"end":{"line":47,"column":2}},"15":{"start":{"line":40,"column":20},"end":{"line":40,"column":29}},"16":{"start":{"line":42,"column":2},"end":{"line":46,"column":3}},"17":{"start":{"line":43,"column":4},"end":{"line":43,"column":42}},"18":{"start":{"line":45,"column":4},"end":{"line":45,"column":60}},"19":{"start":{"line":49,"column":0},"end":{"line":53,"column":2}},"20":{"start":{"line":50,"column":34},"end":{"line":50,"column":42}},"21":{"start":{"line":51,"column":2},"end":{"line":51,"column":33}},"22":{"start":{"line":52,"column":2},"end":{"line":52,"column":69}}},"fnMap":{"0":{"name":"hashPassword","decl":{"start":{"line":9,"column":9},"end":{"line":9,"column":21}},"loc":{"start":{"line":9,"column":32},"end":{"line":11,"column":1}},"line":9},"1":{"name":"(anonymous_1)","decl":{"start":{"line":14,"column":16},"end":{"line":14,"column":17}},"loc":{"start":{"line":14,"column":30},"end":{"line":24,"column":1}},"line":14},"2":{"name":"(anonymous_2)","decl":{"start":{"line":27,"column":19},"end":{"line":27,"column":20}},"loc":{"start":{"line":27,"column":33},"end":{"line":36,"column":1}},"line":27},"3":{"name":"(anonymous_3)","decl":{"start":{"line":39,"column":21},"end":{"line":39,"column":22}},"loc":{"start":{"line":39,"column":35},"end":{"line":47,"column":1}},"line":39},"4":{"name":"(anonymous_4)","decl":{"start":{"line":49,"column":24},"end":{"line":49,"column":25}},"loc":{"start":{"line":49,"column":38},"end":{"line":53,"column":1}},"line":49}},"branchMap":{"0":{"loc":{"start":{"line":17,"column":2},"end":{"line":23,"column":3}},"type":"if","locations":[{"start":{"line":17,"column":2},"end":{"line":23,"column":3}},{"start":{"line":21,"column":9},"end":{"line":23,"column":3}}],"line":17},"1":{"loc":{"start":{"line":17,"column":6},"end":{"line":17,"column":70}},"type":"binary-expr","locations":[{"start":{"line":17,"column":6},"end":{"line":17,"column":18}},{"start":{"line":17,"column":22},"end":{"line":17,"column":70}}],"line":17},"2":{"loc":{"start":{"line":30,"column":2},"end":{"line":32,"column":3}},"type":"if","locations":[{"start":{"line":30,"column":2},"end":{"line":32,"column":3}},{"start":{},"end":{}}],"line":30},"3":{"loc":{"start":{"line":42,"column":2},"end":{"line":46,"column":3}},"type":"if","locations":[{"start":{"line":42,"column":2},"end":{"line":46,"column":3}},{"start":{"line":44,"column":9},"end":{"line":46,"column":3}}],"line":42}},"s":{"0":1,"1":1,"2":2,"3":1,"4":2,"5":2,"6":1,"7":1,"8":1,"9":4,"10":4,"11":3,"12":1,"13":1,"14":1,"15":2,"16":2,"17":1,"18":1,"19":1,"20":1,"21":1,"22":1},"f":{"0":2,"1":2,"2":4,"3":2,"4":1},"b":{"0":[1,1],"1":[2,1],"2":[3,1],"3":[1,1]},"_coverageSchema":"1a1c01bbd47fc00a2c39e90264f33305004495a9","hash":"0375fb906370a4e91b2d6423dbf6141a07fd80f2"}
,"C:\\Users\\rohan\\Desktop\\cosc4353_groupproject\\COSC-4353-Group-Project\\backend\\controllers\\eventController.js": {"path":"C:\\Users\\rohan\\Desktop\\cosc4353_groupproject\\COSC-4353-Group-Project\\backend\\controllers\\eventController.js","statementMap":{"0":{"start":{"line":1,"column":13},"end":{"line":1,"column":15}},"1":{"start":{"line":4,"column":0},"end":{"line":28,"column":2}},"2":{"start":{"line":5,"column":2},"end":{"line":27,"column":3}},"3":{"start":{"line":7,"column":6},"end":{"line":7,"column":14}},"4":{"start":{"line":9,"column":4},"end":{"line":11,"column":5}},"5":{"start":{"line":10,"column":6},"end":{"line":10,"column":75}},"6":{"start":{"line":13,"column":21},"end":{"line":21,"column":5}},"7":{"start":{"line":23,"column":4},"end":{"line":23,"column":26}},"8":{"start":{"line":24,"column":4},"end":{"line":24,"column":35}},"9":{"start":{"line":26,"column":4},"end":{"line":26,"column":70}},"10":{"start":{"line":31,"column":0},"end":{"line":33,"column":2}},"11":{"start":{"line":32,"column":2},"end":{"line":32,"column":31}}},"fnMap":{"0":{"name":"(anonymous_0)","decl":{"start":{"line":4,"column":22},"end":{"line":4,"column":23}},"loc":{"start":{"line":4,"column":36},"end":{"line":28,"column":1}},"line":4},"1":{"name":"(anonymous_1)","decl":{"start":{"line":31,"column":20},"end":{"line":31,"column":21}},"loc":{"start":{"line":31,"column":34},"end":{"line":33,"column":1}},"line":31}},"branchMap":{"0":{"loc":{"start":{"line":9,"column":4},"end":{"line":11,"column":5}},"type":"if","locations":[{"start":{"line":9,"column":4},"end":{"line":11,"column":5}},{"start":{},"end":{}}],"line":9},"1":{"loc":{"start":{"line":9,"column":8},"end":{"line":9,"column":56}},"type":"binary-expr","locations":[{"start":{"line":9,"column":8},"end":{"line":9,"column":18}},{"start":{"line":9,"column":22},"end":{"line":9,"column":34}},{"start":{"line":9,"column":38},"end":{"line":9,"column":47}},{"start":{"line":9,"column":51},"end":{"line":9,"column":56}}],"line":9},"2":{"loc":{"start":{"line":18,"column":14},"end":{"line":18,"column":26}},"type":"binary-expr","locations":[{"start":{"line":18,"column":14},"end":{"line":18,"column":20}},{"start":{"line":18,"column":24},"end":{"line":18,"column":26}}],"line":18},"3":{"loc":{"start":{"line":19,"column":15},"end":{"line":19,"column":34}},"type":"binary-expr","locations":[{"start":{"line":19,"column":15},"end":{"line":19,"column":22}},{"start":{"line":19,"column":26},"end":{"line":19,"column":34}}],"line":19}},"s":{"0":2,"1":2,"2":4,"3":4,"4":4,"5":2,"6":2,"7":2,"8":2,"9":0,"10":2,"11":1},"f":{"0":4,"1":1},"b":{"0":[2,2],"1":[4,2,2,2],"2":[2,0],"3":[2,0]},"_coverageSchema":"1a1c01bbd47fc00a2c39e90264f33305004495a9","hash":"4cfe7a9d47aad662144eebb79c532ccb55551141"}
,"C:\\Users\\rohan\\Desktop\\cosc4353_groupproject\\COSC-4353-Group-Project\\backend\\controllers\\notificationController.js": {"path":"C:\\Users\\rohan\\Desktop\\cosc4353_groupproject\\COSC-4353-Group-Project\\backend\\controllers\\notificationController.js","statementMap":{"0":{"start":{"line":2,"column":22},"end":{"line":6,"column":1}},"1":{"start":{"line":9,"column":0},"end":{"line":11,"column":2}},"2":{"start":{"line":10,"column":2},"end":{"line":10,"column":26}},"3":{"start":{"line":14,"column":0},"end":{"line":28,"column":2}},"4":{"start":{"line":15,"column":22},"end":{"line":15,"column":30}},"5":{"start":{"line":18,"column":2},"end":{"line":20,"column":3}},"6":{"start":{"line":19,"column":4},"end":{"line":19,"column":66}},"7":{"start":{"line":23,"column":26},"end":{"line":23,"column":67}},"8":{"start":{"line":24,"column":2},"end":{"line":24,"column":38}},"9":{"start":{"line":27,"column":2},"end":{"line":27,"column":40}}},"fnMap":{"0":{"name":"(anonymous_0)","decl":{"start":{"line":9,"column":27},"end":{"line":9,"column":28}},"loc":{"start":{"line":9,"column":41},"end":{"line":11,"column":1}},"line":9},"1":{"name":"(anonymous_1)","decl":{"start":{"line":14,"column":26},"end":{"line":14,"column":27}},"loc":{"start":{"line":14,"column":40},"end":{"line":28,"column":1}},"line":14}},"branchMap":{"0":{"loc":{"start":{"line":18,"column":2},"end":{"line":20,"column":3}},"type":"if","locations":[{"start":{"line":18,"column":2},"end":{"line":20,"column":3}},{"start":{},"end":{}}],"line":18},"1":{"loc":{"start":{"line":18,"column":6},"end":{"line":18,"column":39}},"type":"binary-expr","locations":[{"start":{"line":18,"column":6},"end":{"line":18,"column":14}},{"start":{"line":18,"column":18},"end":{"line":18,"column":39}}],"line":18}},"s":{"0":1,"1":1,"2":1,"3":1,"4":2,"5":2,"6":1,"7":1,"8":1,"9":1},"f":{"0":1,"1":2},"b":{"0":[1,1],"1":[2,1]},"_coverageSchema":"1a1c01bbd47fc00a2c39e90264f33305004495a9","hash":"035b6b52d5f8d26632b5baca80f6993ee974cb8c"}
,"C:\\Users\\rohan\\Desktop\\cosc4353_groupproject\\COSC-4353-Group-Project\\backend\\controllers\\profileController.js": {"path":"C:\\Users\\rohan\\Desktop\\cosc4353_groupproject\\COSC-4353-Group-Project\\backend\\controllers\\profileController.js","statementMap":{"0":{"start":{"line":1,"column":15},"end":{"line":1,"column":17}},"1":{"start":{"line":4,"column":0},"end":{"line":10,"column":2}},"2":{"start":{"line":5,"column":21},"end":{"line":5,"column":61}},"3":{"start":{"line":6,"column":2},"end":{"line":6,"column":28}},"4":{"start":{"line":7,"column":2},"end":{"line":9,"column":74}},"5":{"start":{"line":13,"column":0},"end":{"line":15,"column":2}},"6":{"start":{"line":14,"column":2},"end":{"line":14,"column":33}}},"fnMap":{"0":{"name":"(anonymous_0)","decl":{"start":{"line":4,"column":24},"end":{"line":4,"column":25}},"loc":{"start":{"line":4,"column":38},"end":{"line":10,"column":1}},"line":4},"1":{"name":"(anonymous_1)","decl":{"start":{"line":13,"column":22},"end":{"line":13,"column":23}},"loc":{"start":{"line":13,"column":36},"end":{"line":15,"column":1}},"line":13}},"branchMap":{},"s":{"0":1,"1":1,"2":1,"3":1,"4":1,"5":1,"6":1},"f":{"0":1,"1":1},"b":{},"_coverageSchema":"1a1c01bbd47fc00a2c39e90264f33305004495a9","hash":"e931337fd579aaf5d2ca6cbd79314a7bd6540182"}
,"C:\\Users\\rohan\\Desktop\\cosc4353_groupproject\\COSC-4353-Group-Project\\backend\\controllers\\volunteerController.js": {"path":"C:\\Users\\rohan\\Desktop\\cosc4353_groupproject\\COSC-4353-Group-Project\\backend\\controllers\\volunteerController.js","statementMap":{"0":{"start":{"line":4,"column":25},"end":{"line":25,"column":1}},"1":{"start":{"line":28,"column":0},"end":{"line":30,"column":2}},"2":{"start":{"line":29,"column":2},"end":{"line":29,"column":29}}},"fnMap":{"0":{"name":"(anonymous_0)","decl":{"start":{"line":28,"column":30},"end":{"line":28,"column":31}},"loc":{"start":{"line":28,"column":44},"end":{"line":30,"column":1}},"line":28}},"branchMap":{},"s":{"0":2,"1":2,"2":2},"f":{"0":2},"b":{},"_coverageSchema":"1a1c01bbd47fc00a2c39e90264f33305004495a9","hash":"1153aa7ed08bf4ef2e41ed1330c4d771acdb7ea4"}
,"C:\\Users\\rohan\\Desktop\\cosc4353_groupproject\\COSC-4353-Group-Project\\backend\\routes\\authRoutes.js": {"path":"C:\\Users\\rohan\\Desktop\\cosc4353_groupproject\\COSC-4353-Group-Project\\backend\\routes\\authRoutes.js","statementMap":{"0":{"start":{"line":1,"column":16},"end":{"line":1,"column":34}},"1":{"start":{"line":2,"column":15},"end":{"line":2,"column":31}},"2":{"start":{"line":3,"column":23},"end":{"line":3,"column":63}},"3":{"start":{"line":5,"column":0},"end":{"line":5,"column":44}},"4":{"start":{"line":6,"column":0},"end":{"line":6,"column":50}},"5":{"start":{"line":7,"column":0},"end":{"line":7,"column":50}},"6":{"start":{"line":8,"column":0},"end":{"line":8,"column":54}},"7":{"start":{"line":10,"column":0},"end":{"line":10,"column":24}}},"fnMap":{},"branchMap":{},"s":{"0":1,"1":1,"2":1,"3":1,"4":1,"5":1,"6":1,"7":1},"f":{},"b":{},"_coverageSchema":"1a1c01bbd47fc00a2c39e90264f33305004495a9","hash":"6b5eb3ad0c70df4d90361e5283f1579dd0cb3057"}
,"C:\\Users\\rohan\\Desktop\\cosc4353_groupproject\\COSC-4353-Group-Project\\backend\\routes\\eventRoutes.js": {"path":"C:\\Users\\rohan\\Desktop\\cosc4353_groupproject\\COSC-4353-Group-Project\\backend\\routes\\eventRoutes.js","statementMap":{"0":{"start":{"line":1,"column":16},"end":{"line":1,"column":34}},"1":{"start":{"line":2,"column":15},"end":{"line":2,"column":31}},"2":{"start":{"line":3,"column":24},"end":{"line":3,"column":65}},"3":{"start":{"line":6,"column":0},"end":{"line":6,"column":46}},"4":{"start":{"line":7,"column":0},"end":{"line":7,"column":43}},"5":{"start":{"line":9,"column":0},"end":{"line":9,"column":24}}},"fnMap":{},"branchMap":{},"s":{"0":2,"1":2,"2":2,"3":2,"4":2,"5":2},"f":{},"b":{},"_coverageSchema":"1a1c01bbd47fc00a2c39e90264f33305004495a9","hash":"ca7e87bb9d9cf705ce741870f1863090337be2cf"}
,"C:\\Users\\rohan\\Desktop\\cosc4353_groupproject\\COSC-4353-Group-Project\\backend\\routes\\notificationRoutes.js": {"path":"C:\\Users\\rohan\\Desktop\\cosc4353_groupproject\\COSC-4353-Group-Project\\backend\\routes\\notificationRoutes.js","statementMap":{"0":{"start":{"line":3,"column":16},"end":{"line":3,"column":34}},"1":{"start":{"line":4,"column":15},"end":{"line":4,"column":31}},"2":{"start":{"line":7,"column":31},"end":{"line":7,"column":79}},"3":{"start":{"line":10,"column":0},"end":{"line":10,"column":57}},"4":{"start":{"line":11,"column":0},"end":{"line":11,"column":57}},"5":{"start":{"line":13,"column":0},"end":{"line":13,"column":24}}},"fnMap":{},"branchMap":{},"s":{"0":1,"1":1,"2":1,"3":1,"4":1,"5":1},"f":{},"b":{},"_coverageSchema":"1a1c01bbd47fc00a2c39e90264f33305004495a9","hash":"ced5cd6b6be18d089546fc984f55b4fff18ba0d4"}
,"C:\\Users\\rohan\\Desktop\\cosc4353_groupproject\\COSC-4353-Group-Project\\backend\\routes\\profileRoutes.js": {"path":"C:\\Users\\rohan\\Desktop\\cosc4353_groupproject\\COSC-4353-Group-Project\\backend\\routes\\profileRoutes.js","statementMap":{"0":{"start":{"line":1,"column":16},"end":{"line":1,"column":34}},"1":{"start":{"line":2,"column":15},"end":{"line":2,"column":31}},"2":{"start":{"line":3,"column":26},"end":{"line":3,"column":69}},"3":{"start":{"line":5,"column":0},"end":{"line":5,"column":50}},"4":{"start":{"line":6,"column":0},"end":{"line":6,"column":47}},"5":{"start":{"line":8,"column":0},"end":{"line":8,"column":24}}},"fnMap":{},"branchMap":{},"s":{"0":1,"1":1,"2":1,"3":1,"4":1,"5":1},"f":{},"b":{},"_coverageSchema":"1a1c01bbd47fc00a2c39e90264f33305004495a9","hash":"27e28be4bf8f000286cf6891607ca45b8d03d279"}
,"C:\\Users\\rohan\\Desktop\\cosc4353_groupproject\\COSC-4353-Group-Project\\backend\\routes\\volunteerRoutes.js": {"path":"C:\\Users\\rohan\\Desktop\\cosc4353_groupproject\\COSC-4353-Group-Project\\backend\\routes\\volunteerRoutes.js","statementMap":{"0":{"start":{"line":3,"column":16},"end":{"line":3,"column":34}},"1":{"start":{"line":4,"column":15},"end":{"line":4,"column":31}},"2":{"start":{"line":7,"column":28},"end":{"line":7,"column":73}},"3":{"start":{"line":10,"column":0},"end":{"line":10,"column":57}},"4":{"start":{"line":12,"column":0},"end":{"line":12,"column":24}}},"fnMap":{},"branchMap":{},"s":{"0":2,"1":2,"2":2,"3":2,"4":2},"f":{},"b":{},"_coverageSchema":"1a1c01bbd47fc00a2c39e90264f33305004495a9","hash":"264edf4c5c1071251266472a9137e7f1bca93f73"}
}
