{"C:\\Users\\rohan\\Desktop\\cosc4353_groupproject\\COSC-4353-Group-Project\\backend\\controllers\\notificationController.js": {"path":"C:\\Users\\rohan\\Desktop\\cosc4353_groupproject\\COSC-4353-Group-Project\\backend\\controllers\\notificationController.js","statementMap":{"0":{"start":{"line":2,"column":22},"end":{"line":6,"column":1}},"1":{"start":{"line":9,"column":0},"end":{"line":11,"column":2}},"2":{"start":{"line":10,"column":2},"end":{"line":10,"column":26}},"3":{"start":{"line":14,"column":0},"end":{"line":28,"column":2}},"4":{"start":{"line":15,"column":22},"end":{"line":15,"column":30}},"5":{"start":{"line":18,"column":2},"end":{"line":20,"column":3}},"6":{"start":{"line":19,"column":4},"end":{"line":19,"column":66}},"7":{"start":{"line":23,"column":26},"end":{"line":23,"column":67}},"8":{"start":{"line":24,"column":2},"end":{"line":24,"column":38}},"9":{"start":{"line":27,"column":2},"end":{"line":27,"column":40}}},"fnMap":{"0":{"name":"(anonymous_0)","decl":{"start":{"line":9,"column":27},"end":{"line":9,"column":28}},"loc":{"start":{"line":9,"column":41},"end":{"line":11,"column":1}},"line":9},"1":{"name":"(anonymous_1)","decl":{"start":{"line":14,"column":26},"end":{"line":14,"column":27}},"loc":{"start":{"line":14,"column":40},"end":{"line":28,"column":1}},"line":14}},"branchMap":{"0":{"loc":{"start":{"line":18,"column":2},"end":{"line":20,"column":3}},"type":"if","locations":[{"start":{"line":18,"column":2},"end":{"line":20,"column":3}},{"start":{},"end":{}}],"line":18},"1":{"loc":{"start":{"line":18,"column":6},"end":{"line":18,"column":39}},"type":"binary-expr","locations":[{"start":{"line":18,"column":6},"end":{"line":18,"column":14}},{"start":{"line":18,"column":18},"end":{"line":18,"column":39}}],"line":18}},"s":{"0":1,"1":1,"2":1,"3":1,"4":2,"5":2,"6":1,"7":1,"8":1,"9":1},"f":{"0":1,"1":2},"b":{"0":[1,1],"1":[2,1]},"_coverageSchema":"1a1c01bbd47fc00a2c39e90264f33305004495a9","hash":"035b6b52d5f8d26632b5baca80f6993ee974cb8c"}
,"C:\\Users\\rohan\\Desktop\\cosc4353_groupproject\\COSC-4353-Group-Project\\backend\\controllers\\volunteerController.js": {"path":"C:\\Users\\rohan\\Desktop\\cosc4353_groupproject\\COSC-4353-Group-Project\\backend\\controllers\\volunteerController.js","statementMap":{"0":{"start":{"line":4,"column":25},"end":{"line":25,"column":1}},"1":{"start":{"line":28,"column":0},"end":{"line":30,"column":2}},"2":{"start":{"line":29,"column":2},"end":{"line":29,"column":29}}},"fnMap":{"0":{"name":"(anonymous_0)","decl":{"start":{"line":28,"column":30},"end":{"line":28,"column":31}},"loc":{"start":{"line":28,"column":44},"end":{"line":30,"column":1}},"line":28}},"branchMap":{},"s":{"0":1,"1":1,"2":1},"f":{"0":1},"b":{},"_coverageSchema":"1a1c01bbd47fc00a2c39e90264f33305004495a9","hash":"1153aa7ed08bf4ef2e41ed1330c4d771acdb7ea4"}
,"C:\\Users\\rohan\\Desktop\\cosc4353_groupproject\\COSC-4353-Group-Project\\backend\\routes\\notificationRoutes.js": {"path":"C:\\Users\\rohan\\Desktop\\cosc4353_groupproject\\COSC-4353-Group-Project\\backend\\routes\\notificationRoutes.js","statementMap":{"0":{"start":{"line":3,"column":16},"end":{"line":3,"column":34}},"1":{"start":{"line":4,"column":15},"end":{"line":4,"column":31}},"2":{"start":{"line":7,"column":31},"end":{"line":7,"column":79}},"3":{"start":{"line":10,"column":0},"end":{"line":10,"column":57}},"4":{"start":{"line":11,"column":0},"end":{"line":11,"column":57}},"5":{"start":{"line":13,"column":0},"end":{"line":13,"column":24}}},"fnMap":{},"branchMap":{},"s":{"0":1,"1":1,"2":1,"3":1,"4":1,"5":1},"f":{},"b":{},"_coverageSchema":"1a1c01bbd47fc00a2c39e90264f33305004495a9","hash":"ced5cd6b6be18d089546fc984f55b4fff18ba0d4"}
,"C:\\Users\\rohan\\Desktop\\cosc4353_groupproject\\COSC-4353-Group-Project\\backend\\routes\\volunteerRoutes.js": {"path":"C:\\Users\\rohan\\Desktop\\cosc4353_groupproject\\COSC-4353-Group-Project\\backend\\routes\\volunteerRoutes.js","statementMap":{"0":{"start":{"line":3,"column":16},"end":{"line":3,"column":34}},"1":{"start":{"line":4,"column":15},"end":{"line":4,"column":31}},"2":{"start":{"line":7,"column":28},"end":{"line":7,"column":73}},"3":{"start":{"line":10,"column":0},"end":{"line":10,"column":57}},"4":{"start":{"line":12,"column":0},"end":{"line":12,"column":24}}},"fnMap":{},"branchMap":{},"s":{"0":1,"1":1,"2":1,"3":1,"4":1},"f":{},"b":{},"_coverageSchema":"1a1c01bbd47fc00a2c39e90264f33305004495a9","hash":"264edf4c5c1071251266472a9137e7f1bca93f73"}
}
